0 info it worked if it ends with ok
1 verbose cli [ 'C:\\Program Files\\nodejs\\node.exe',
1 verbose cli   'C:\\Program Files\\nodejs\\node_modules\\npm\\bin\\npm-cli.js',
1 verbose cli   'run',
1 verbose cli   'build' ]
2 info using npm@3.10.10
3 info using node@v6.11.0
4 verbose run-script [ 'prebuild', 'build', 'postbuild' ]
5 info lifecycle PostIt-Application@1.0.0~prebuild: PostIt-Application@1.0.0
6 verbose lifecycle PostIt-Application@1.0.0~prebuild: unsafe-perm in lifecycle true
7 verbose lifecycle PostIt-Application@1.0.0~prebuild: PATH: C:\Program Files\nodejs\node_modules\npm\bin\node-gyp-bin;C:\Users\Temitope Joloko\Desktop\PostIt-Application\node_modules\.bin;C:\Program Files\Git\mingw64\bin;C:\Program Files\Git\usr\bin;C:\Users\Temitope Joloko\bin;C:\WINDOWS\system32;C:\WINDOWS;C:\WINDOWS\System32\Wbem;C:\WINDOWS\System32\WindowsPowerShell\v1.0;C:\Program Files\Git\cmd;C:\Program Files\nodejs;C:\Program Files\PostgreSQL\9.6\bin;C:\Program Files\PostgreSQL\9.6\lib;C:\Users\Temitope Joloko\AppData\Roaming\npm;C:\Program Files (x86)\Microsoft VS Code\bin;C:\Users\Temitope Joloko\AppData\Local\Microsoft\WindowsApps;C:\Program Files\PostgreSQL\9.6\bin;C:\Program Files\Heroku\bin
8 verbose lifecycle PostIt-Application@1.0.0~prebuild: CWD: C:\Users\Temitope Joloko\Desktop\PostIt-Application
9 silly lifecycle PostIt-Application@1.0.0~prebuild: Args: [ '/d /s /c', 'npm-run-all clean-dist build:html' ]
10 silly lifecycle PostIt-Application@1.0.0~prebuild: Returned: code: 1  signal: null
11 info lifecycle PostIt-Application@1.0.0~prebuild: Failed to exec prebuild script
12 verbose stack Error: PostIt-Application@1.0.0 prebuild: `npm-run-all clean-dist build:html`
12 verbose stack Exit status 1
12 verbose stack     at EventEmitter.<anonymous> (C:\Program Files\nodejs\node_modules\npm\lib\utils\lifecycle.js:255:16)
12 verbose stack     at emitTwo (events.js:106:13)
12 verbose stack     at EventEmitter.emit (events.js:191:7)
12 verbose stack     at ChildProcess.<anonymous> (C:\Program Files\nodejs\node_modules\npm\lib\utils\spawn.js:40:14)
12 verbose stack     at emitTwo (events.js:106:13)
12 verbose stack     at ChildProcess.emit (events.js:191:7)
12 verbose stack     at maybeClose (internal/child_process.js:891:16)
12 verbose stack     at Process.ChildProcess._handle.onexit (internal/child_process.js:226:5)
13 verbose pkgid PostIt-Application@1.0.0
14 verbose cwd C:\Users\Temitope Joloko\Desktop\PostIt-Application
15 error Windows_NT 10.0.15063
16 error argv "C:\\Program Files\\nodejs\\node.exe" "C:\\Program Files\\nodejs\\node_modules\\npm\\bin\\npm-cli.js" "run" "build"
17 error node v6.11.0
18 error npm  v3.10.10
19 error code ELIFECYCLE
20 error PostIt-Application@1.0.0 prebuild: `npm-run-all clean-dist build:html`
20 error Exit status 1
21 error Failed at the PostIt-Application@1.0.0 prebuild script 'npm-run-all clean-dist build:html'.
21 error Make sure you have the latest version of node.js and npm installed.
21 error If you do, this is most likely a problem with the PostIt-Application package,
21 error not with npm itself.
21 error Tell the author that this fails on your system:
21 error     npm-run-all clean-dist build:html
21 error You can get information on how to open an issue for this project with:
21 error     npm bugs PostIt-Application
21 error Or if that isn't available, you can get their info via:
21 error     npm owner ls PostIt-Application
21 error There is likely additional logging output above.
22 verbose exit [ 1, true ]
